# JRE version: Java(TM) SE Runtime Environment (8.0_66-b17) (build 1.8.0_66-b17)
# Java VM: Java HotSpot(TM) Client VM (25.66-b17 mixed mode windows-x86 )
Heap:
 def new generation   total 42624K, used 31322K [0x04a00000, 0x07840000, 0x0f4a0000)
  eden space 37888K,  80% used [0x04a00000, 0x067cf718, 0x06f00000)
  from space 4736K,  16% used [0x073a0000, 0x07467238, 0x07840000)
  to   space 4736K,   0% used [0x06f00000, 0x06f00000, 0x073a0000)
 tenured generation   total 94600K, used 61689K [0x0f4a0000, 0x15102000, 0x24a00000)
   the space 94600K,  65% used [0x0f4a0000, 0x130de768, 0x130de800, 0x15102000)
 Metaspace       used 16716K, capacity 17202K, committed 17536K, reserved 17792K
GC Heap History (10 events):
Event: 250718.008 GC heap before
{Heap before GC invocations=8001 (full 5):
 def new generation   total 42624K, used 39215K [0x04a00000, 0x07840000, 0x0f4a0000)
  eden space 37888K, 100% used [0x04a00000, 0x06f00000, 0x06f00000)
  from space 4736K,  28% used [0x06f00000, 0x0704bcc8, 0x073a0000)
  to   space 4736K,   0% used [0x073a0000, 0x073a0000, 0x07840000)
 tenured generation   total 94600K, used 61576K [0x0f4a0000, 0x15102000, 0x24a00000)
   the space 94600K,  65% used [0x0f4a0000, 0x130c2198, 0x130c2200, 0x15102000)
 Metaspace       used 16716K, capacity 17202K, committed 17536K, reserved 17792K
Event: 250718.012 GC heap after
Heap after GC invocations=8002 (full 5):
 def new generation   total 42624K, used 783K [0x04a00000, 0x07840000, 0x0f4a0000)
  eden space 37888K,   0% used [0x04a00000, 0x04a00000, 0x06f00000)
  from space 4736K,  16% used [0x073a0000, 0x07463c80, 0x07840000)
  to   space 4736K,   0% used [0x06f00000, 0x06f00000, 0x073a0000)
 tenured generation   total 94600K, used 61596K [0x0f4a0000, 0x15102000, 0x24a00000)
   the space 94600K,  65% used [0x0f4a0000, 0x130c7358, 0x130c7400, 0x15102000)
 Metaspace       used 16716K, capacity 17202K, committed 17536K, reserved 17792K
}
Event: 250836.726 GC heap before
{Heap before GC invocations=8002 (full 5):
 def new generation   total 42624K, used 38002K [0x04a00000, 0x07840000, 0x0f4a0000)
  eden space 37888K,  98% used [0x04a00000, 0x06e58c70, 0x06f00000)
  from space 4736K,  16% used [0x073a0000, 0x07463c80, 0x07840000)
  to   space 4736K,   0% used [0x06f00000, 0x06f00000, 0x073a0000)
 tenured generation   total 94600K, used 61596K [0x0f4a0000, 0x15102000, 0x24a00000)
   the space 94600K,  65% used [0x0f4a0000, 0x130c7358, 0x130c7400, 0x15102000)
 Metaspace       used 16716K, capacity 17202K, committed 17536K, reserved 17792K
Event: 250836.729 GC heap after
Heap after GC invocations=8003 (full 5):
 def new generation   total 42624K, used 695K [0x04a00000, 0x07840000, 0x0f4a0000)
  eden space 37888K,   0% used [0x04a00000, 0x04a00000, 0x06f00000)
  from space 4736K,  14% used [0x06f00000, 0x06fadf98, 0x073a0000)
  to   space 4736K,   0% used [0x073a0000, 0x073a0000, 0x07840000)
 tenured generation   total 94600K, used 61620K [0x0f4a0000, 0x15102000, 0x24a00000)
   the space 94600K,  65% used [0x0f4a0000, 0x130cd298, 0x130cd400, 0x15102000)
 Metaspace       used 16716K, capacity 17202K, committed 17536K, reserved 17792K
}
Event: 250961.951 GC heap before
{Heap before GC invocations=8003 (full 5):
 def new generation   total 42624K, used 38583K [0x04a00000, 0x07840000, 0x0f4a0000)
  eden space 37888K, 100% used [0x04a00000, 0x06f00000, 0x06f00000)
  from space 4736K,  14% used [0x06f00000, 0x06fadf98, 0x073a0000)
  to   space 4736K,   0% used [0x073a0000, 0x073a0000, 0x07840000)
 tenured generation   total 94600K, used 61620K [0x0f4a0000, 0x15102000, 0x24a00000)
   the space 94600K,  65% used [0x0f4a0000, 0x130cd298, 0x130cd400, 0x15102000)
 Metaspace       used 16716K, capacity 17202K, committed 17536K, reserved 17792K
Event: 250961.954 GC heap after
Heap after GC invocations=8004 (full 5):
 def new generation   total 42624K, used 1385K [0x04a00000, 0x07840000, 0x0f4a0000)
  eden space 37888K,   0% used [0x04a00000, 0x04a00000, 0x06f00000)
  from space 4736K,  29% used [0x073a0000, 0x074fa4e0, 0x07840000)
  to   space 4736K,   0% used [0x06f00000, 0x06f00000, 0x073a0000)
 tenured generation   total 94600K, used 61643K [0x0f4a0000, 0x15102000, 0x24a00000)
   the space 94600K,  65% used [0x0f4a0000, 0x130d2d78, 0x130d2e00, 0x15102000)
 Metaspace       used 16716K, capacity 17202K, committed 17536K, reserved 17792K
}
Event: 251090.927 GC heap before
{Heap before GC invocations=8004 (full 5):
 def new generation   total 42624K, used 39273K [0x04a00000, 0x07840000, 0x0f4a0000)
  eden space 37888K, 100% used [0x04a00000, 0x06f00000, 0x06f00000)
  from space 4736K,  29% used [0x073a0000, 0x074fa4e0, 0x07840000)
  to   space 4736K,   0% used [0x06f00000, 0x06f00000, 0x073a0000)
 tenured generation   total 94600K, used 61643K [0x0f4a0000, 0x15102000, 0x24a00000)
   the space 94600K,  65% used [0x0f4a0000, 0x130d2d78, 0x130d2e00, 0x15102000)
 Metaspace       used 16716K, capacity 17202K, committed 17536K, reserved 17792K
Event: 251090.934 GC heap after
Heap after GC invocations=8005 (full 5):
 def new generation   total 42624K, used 1388K [0x04a00000, 0x07840000, 0x0f4a0000)
  eden space 37888K,   0% used [0x04a00000, 0x04a00000, 0x06f00000)
  from space 4736K,  29% used [0x06f00000, 0x0705b010, 0x073a0000)
  to   space 4736K,   0% used [0x073a0000, 0x073a0000, 0x07840000)
 tenured generation   total 94600K, used 61663K [0x0f4a0000, 0x15102000, 0x24a00000)
   the space 94600K,  65% used [0x0f4a0000, 0x130d7f48, 0x130d8000, 0x15102000)
 Metaspace       used 16716K, capacity 17202K, committed 17536K, reserved 17792K
}
Event: 251239.240 GC heap before
{Heap before GC invocations=8005 (full 5):
 def new generation   total 42624K, used 38803K [0x04a00000, 0x07840000, 0x0f4a0000)
  eden space 37888K,  98% used [0x04a00000, 0x06e89cb0, 0x06f00000)
  from space 4736K,  29% used [0x06f00000, 0x0705b010, 0x073a0000)
  to   space 4736K,   0% used [0x073a0000, 0x073a0000, 0x07840000)
 tenured generation   total 94600K, used 61663K [0x0f4a0000, 0x15102000, 0x24a00000)
   the space 94600K,  65% used [0x0f4a0000, 0x130d7f48, 0x130d8000, 0x15102000)
 Metaspace       used 16716K, capacity 17202K, committed 17536K, reserved 17792K
Event: 251239.244 GC heap after
Heap after GC invocations=8006 (full 5):
 def new generation   total 42624K, used 796K [0x04a00000, 0x07840000, 0x0f4a0000)
  eden space 37888K,   0% used [0x04a00000, 0x04a00000, 0x06f00000)
  from space 4736K,  16% used [0x073a0000, 0x07467238, 0x07840000)
  to   space 4736K,   0% used [0x06f00000, 0x06f00000, 0x073a0000)
 tenured generation   total 94600K, used 61689K [0x0f4a0000, 0x15102000, 0x24a00000)
   the space 94600K,  65% used [0x0f4a0000, 0x130de768, 0x130de800, 0x15102000)
 Metaspace       used 16716K, capacity 17202K, committed 17536K, reserved 17792K
}

