# JRE version: Java(TM) SE Runtime Environment (8.0_66-b17) (build 1.8.0_66-b17)
# Java VM: Java HotSpot(TM) Client VM (25.66-b17 mixed mode windows-x86 )
Heap:
 def new generation   total 39424K, used 26986K [0x04800000, 0x072c0000, 0x0f2a0000)
  eden space 35072K,  72% used [0x04800000, 0x060d3d88, 0x06a40000)
  from space 4352K,  35% used [0x06a40000, 0x06bc6db0, 0x06e80000)
  to   space 4352K,   0% used [0x06e80000, 0x06e80000, 0x072c0000)
 tenured generation   total 87424K, used 49034K [0x0f2a0000, 0x14800000, 0x24800000)
   the space 87424K,  56% used [0x0f2a0000, 0x12282878, 0x12282a00, 0x14800000)
 Metaspace       used 17040K, capacity 17592K, committed 17664K, reserved 17792K
GC Heap History (10 events):
Event: 31559.064 GC heap before
{Heap before GC invocations=144 (full 1):
 def new generation   total 39424K, used 36651K [0x04800000, 0x072c0000, 0x0f2a0000)
  eden space 35072K, 100% used [0x04800000, 0x06a40000, 0x06a40000)
  from space 4352K,  36% used [0x06e80000, 0x0700af88, 0x072c0000)
  to   space 4352K,   0% used [0x06a40000, 0x06a40000, 0x06e80000)
 tenured generation   total 87424K, used 48865K [0x0f2a0000, 0x14800000, 0x24800000)
   the space 87424K,  55% used [0x0f2a0000, 0x12258548, 0x12258600, 0x14800000)
 Metaspace       used 17040K, capacity 17592K, committed 17664K, reserved 17792K
Event: 31559.067 GC heap after
Heap after GC invocations=145 (full 1):
 def new generation   total 39424K, used 1558K [0x04800000, 0x072c0000, 0x0f2a0000)
  eden space 35072K,   0% used [0x04800000, 0x04800000, 0x06a40000)
  from space 4352K,  35% used [0x06a40000, 0x06bc58b8, 0x06e80000)
  to   space 4352K,   0% used [0x06e80000, 0x06e80000, 0x072c0000)
 tenured generation   total 87424K, used 48899K [0x0f2a0000, 0x14800000, 0x24800000)
   the space 87424K,  55% used [0x0f2a0000, 0x12260c08, 0x12260e00, 0x14800000)
 Metaspace       used 17040K, capacity 17592K, committed 17664K, reserved 17792K
}
Event: 31787.058 GC heap before
{Heap before GC invocations=145 (full 1):
 def new generation   total 39424K, used 36630K [0x04800000, 0x072c0000, 0x0f2a0000)
  eden space 35072K, 100% used [0x04800000, 0x06a40000, 0x06a40000)
  from space 4352K,  35% used [0x06a40000, 0x06bc58b8, 0x06e80000)
  to   space 4352K,   0% used [0x06e80000, 0x06e80000, 0x072c0000)
 tenured generation   total 87424K, used 48899K [0x0f2a0000, 0x14800000, 0x24800000)
   the space 87424K,  55% used [0x0f2a0000, 0x12260c08, 0x12260e00, 0x14800000)
 Metaspace       used 17040K, capacity 17592K, committed 17664K, reserved 17792K
Event: 31787.062 GC heap after
Heap after GC invocations=146 (full 1):
 def new generation   total 39424K, used 1576K [0x04800000, 0x072c0000, 0x0f2a0000)
  eden space 35072K,   0% used [0x04800000, 0x04800000, 0x06a40000)
  from space 4352K,  36% used [0x06e80000, 0x0700a148, 0x072c0000)
  to   space 4352K,   0% used [0x06a40000, 0x06a40000, 0x06e80000)
 tenured generation   total 87424K, used 48928K [0x0f2a0000, 0x14800000, 0x24800000)
   the space 87424K,  55% used [0x0f2a0000, 0x122680c8, 0x12268200, 0x14800000)
 Metaspace       used 17040K, capacity 17592K, committed 17664K, reserved 17792K
}
Event: 32015.708 GC heap before
{Heap before GC invocations=146 (full 1):
 def new generation   total 39424K, used 36648K [0x04800000, 0x072c0000, 0x0f2a0000)
  eden space 35072K, 100% used [0x04800000, 0x06a40000, 0x06a40000)
  from space 4352K,  36% used [0x06e80000, 0x0700a148, 0x072c0000)
  to   space 4352K,   0% used [0x06a40000, 0x06a40000, 0x06e80000)
 tenured generation   total 87424K, used 48928K [0x0f2a0000, 0x14800000, 0x24800000)
   the space 87424K,  55% used [0x0f2a0000, 0x122680c8, 0x12268200, 0x14800000)
 Metaspace       used 17040K, capacity 17592K, committed 17664K, reserved 17792K
Event: 32015.712 GC heap after
Heap after GC invocations=147 (full 1):
 def new generation   total 39424K, used 1570K [0x04800000, 0x072c0000, 0x0f2a0000)
  eden space 35072K,   0% used [0x04800000, 0x04800000, 0x06a40000)
  from space 4352K,  36% used [0x06a40000, 0x06bc8ae0, 0x06e80000)
  to   space 4352K,   0% used [0x06e80000, 0x06e80000, 0x072c0000)
 tenured generation   total 87424K, used 48962K [0x0f2a0000, 0x14800000, 0x24800000)
   the space 87424K,  56% used [0x0f2a0000, 0x12270aa8, 0x12270c00, 0x14800000)
 Metaspace       used 17040K, capacity 17592K, committed 17664K, reserved 17792K
}
Event: 32239.395 GC heap before
{Heap before GC invocations=147 (full 1):
 def new generation   total 39424K, used 36642K [0x04800000, 0x072c0000, 0x0f2a0000)
  eden space 35072K, 100% used [0x04800000, 0x06a40000, 0x06a40000)
  from space 4352K,  36% used [0x06a40000, 0x06bc8ae0, 0x06e80000)
  to   space 4352K,   0% used [0x06e80000, 0x06e80000, 0x072c0000)
 tenured generation   total 87424K, used 48962K [0x0f2a0000, 0x14800000, 0x24800000)
   the space 87424K,  56% used [0x0f2a0000, 0x12270aa8, 0x12270c00, 0x14800000)
 Metaspace       used 17040K, capacity 17592K, committed 17664K, reserved 17792K
Event: 32239.403 GC heap after
Heap after GC invocations=148 (full 1):
 def new generation   total 39424K, used 1562K [0x04800000, 0x072c0000, 0x0f2a0000)
  eden space 35072K,   0% used [0x04800000, 0x04800000, 0x06a40000)
  from space 4352K,  35% used [0x06e80000, 0x070069e8, 0x072c0000)
  to   space 4352K,   0% used [0x06a40000, 0x06a40000, 0x06e80000)
 tenured generation   total 87424K, used 48998K [0x0f2a0000, 0x14800000, 0x24800000)
   the space 87424K,  56% used [0x0f2a0000, 0x122798c8, 0x12279a00, 0x14800000)
 Metaspace       used 17040K, capacity 17592K, committed 17664K, reserved 17792K
}
Event: 32464.032 GC heap before
{Heap before GC invocations=148 (full 1):
 def new generation   total 39424K, used 36634K [0x04800000, 0x072c0000, 0x0f2a0000)
  eden space 35072K, 100% used [0x04800000, 0x06a40000, 0x06a40000)
  from space 4352K,  35% used [0x06e80000, 0x070069e8, 0x072c0000)
  to   space 4352K,   0% used [0x06a40000, 0x06a40000, 0x06e80000)
 tenured generation   total 87424K, used 48998K [0x0f2a0000, 0x14800000, 0x24800000)
   the space 87424K,  56% used [0x0f2a0000, 0x122798c8, 0x12279a00, 0x14800000)
 Metaspace       used 17040K, capacity 17592K, committed 17664K, reserved 17792K
Event: 32464.035 GC heap after
Heap after GC invocations=149 (full 1):
 def new generation   total 39424K, used 1563K [0x04800000, 0x072c0000, 0x0f2a0000)
  eden space 35072K,   0% used [0x04800000, 0x04800000, 0x06a40000)
  from space 4352K,  35% used [0x06a40000, 0x06bc6db0, 0x06e80000)
  to   space 4352K,   0% used [0x06e80000, 0x06e80000, 0x072c0000)
 tenured generation   total 87424K, used 49034K [0x0f2a0000, 0x14800000, 0x24800000)
   the space 87424K,  56% used [0x0f2a0000, 0x12282878, 0x12282a00, 0x14800000)
 Metaspace       used 17040K, capacity 17592K, committed 17664K, reserved 17792K
}

